<?xml version="1.0" encoding="UTF-8"?>
<!-- Generated by org.testng.reporters.JUnitXMLReporter -->
<testsuite ignored="0" hostname="LAPTOP-IVL2HKTT" failures="0" tests="5" name="Default test" time="74.567" errors="0" timestamp="2024-01-21T15:26:01 GMT+01:00">
  <testcase classname="ebanking.testcases.TC_LoginDDT_1101" name="LoginDDT" time="8.384"/>
  <testcase classname="ebanking.testcases.TC_LoginDDT_1101" name="LoginDDT" time="19.162"/>
  <testcase classname="ebanking.testcases.TC_LoginDDT_1101" name="LoginDDT" time="22.152"/>
  <testcase classname="ebanking.testcases.TC_LoginDDT_1101" name="LoginDDT" time="15.312"/>
  <testcase classname="ebanking.testcases.TC_LoginDDT_1101" name="LoginDDT" time="0.001"/>
</testsuite> <!-- Default test -->
