<?xml version="1.0" encoding="UTF-8"?>
<!-- Generated by org.testng.reporters.JUnitXMLReporter -->
<testsuite ignored="0" hostname="LAPTOP-IVL2HKTT" failures="0" tests="7" name="BankingApp Test " time="74.585" errors="0" timestamp="2024-01-21T15:34:51 GMT+01:00">
  <testcase classname="ebanking.testcases.Baseclass" name="@BeforeClass setup" time="0.184">
    <failure type="org.openqa.selenium.SessionNotCreatedException" message="Could not start a new session. Possible causes are invalid address of the remote server or browser start-up failure. 
Host info: host: &amp;apos;LAPTOP-IVL2HKTT&amp;apos;, ip: &amp;apos;192.168.37.80&amp;apos;
Build info: version: &amp;apos;4.15.0&amp;apos;, revision: &amp;apos;1d14b5521b&amp;apos;
System info: os.name: &amp;apos;Windows 11&amp;apos;, os.arch: &amp;apos;amd64&amp;apos;, os.version: &amp;apos;10.0&amp;apos;, java.version: &amp;apos;21.0.1&amp;apos;
Driver info: org.openqa.selenium.chrome.ChromeDriver
Command: [null, newSession {capabilities=[Capabilities {browserName: chrome, goog:chromeOptions: {args: [], extensions: [Q3IyNAMAAAAdBQAAEqwECqYCMII...]}}]}]">
      <![CDATA[org.openqa.selenium.SessionNotCreatedException: Could not start a new session. Possible causes are invalid address of the remote server or browser start-up failure. 
Host info: host: 'LAPTOP-IVL2HKTT', ip: '192.168.37.80'
Build info: version: '4.15.0', revision: '1d14b5521b'
System info: os.name: 'Windows 11', os.arch: 'amd64', os.version: '10.0', java.version: '21.0.1'
Driver info: org.openqa.selenium.chrome.ChromeDriver
Command: [null, newSession {capabilities=[Capabilities {browserName: chrome, goog:chromeOptions: {args: [], extensions: [Q3IyNAMAAAAdBQAAEqwECqYCMII...]}}]}]
at org.openqa.selenium.remote.RemoteWebDriver.execute(RemoteWebDriver.java:625)
at org.openqa.selenium.remote.RemoteWebDriver.startSession(RemoteWebDriver.java:241)
at org.openqa.selenium.remote.RemoteWebDriver.<init>(RemoteWebDriver.java:168)
at org.openqa.selenium.chromium.ChromiumDriver.<init>(ChromiumDriver.java:108)
at org.openqa.selenium.chrome.ChromeDriver.<init>(ChromeDriver.java:89)
at org.openqa.selenium.chrome.ChromeDriver.<init>(ChromeDriver.java:84)
at org.openqa.selenium.chrome.ChromeDriver.<init>(ChromeDriver.java:73)
at ebanking.testcases.Baseclass.setup(Baseclass.java:38)
at java.base/java.util.ArrayList.forEach(ArrayList.java:1596)
at java.base/java.util.concurrent.FutureTask.run(FutureTask.java:317)
at java.base/java.util.concurrent.ThreadPoolExecutor.runWorker(ThreadPoolExecutor.java:1144)
at java.base/java.util.concurrent.ThreadPoolExecutor$Worker.run(ThreadPoolExecutor.java:642)
at java.base/java.lang.Thread.run(Thread.java:1583)
Caused by: java.io.UncheckedIOException: java.io.IOException: Could not find user
at org.openqa.selenium.remote.NewSessionPayload.<init>(NewSessionPayload.java:80)
at org.openqa.selenium.remote.NewSessionPayload.create(NewSessionPayload.java:127)
at org.openqa.selenium.remote.NewSessionPayload.create(NewSessionPayload.java:111)
at org.openqa.selenium.remote.ProtocolHandshake.createSession(ProtocolHandshake.java:67)
at org.openqa.selenium.remote.HttpCommandExecutor.execute(HttpCommandExecutor.java:163)
at org.openqa.selenium.remote.service.DriverCommandExecutor.invokeExecute(DriverCommandExecutor.java:200)
at org.openqa.selenium.remote.service.DriverCommandExecutor.execute(DriverCommandExecutor.java:175)
at org.openqa.selenium.remote.RemoteWebDriver.execute(RemoteWebDriver.java:607)
... 25 more
Caused by: java.io.IOException: Could not find user
at com.google.common.io.TempFileCreator$JavaNioCreator.lambda$userPermissions$4(TempFileCreator.java:178)
at com.google.common.io.TempFileCreator$JavaNioCreator.createTempFile(TempFileCreator.java:120)
at com.google.common.io.FileBackedOutputStream.update(FileBackedOutputStream.java:238)
at com.google.common.io.FileBackedOutputStream.write(FileBackedOutputStream.java:217)
at java.base/sun.nio.cs.StreamEncoder.writeBytes(StreamEncoder.java:309)
at java.base/sun.nio.cs.StreamEncoder.implWrite(StreamEncoder.java:381)
at java.base/sun.nio.cs.StreamEncoder.implWrite(StreamEncoder.java:357)
at java.base/sun.nio.cs.StreamEncoder.lockedWrite(StreamEncoder.java:158)
at java.base/sun.nio.cs.StreamEncoder.write(StreamEncoder.java:139)
at java.base/java.io.OutputStreamWriter.write(OutputStreamWriter.java:219)
at com.google.common.io.CharStreams.copyReaderToWriter(CharStreams.java:150)
at com.google.common.io.CharStreams.copy(CharStreams.java:79)
at org.openqa.selenium.remote.NewSessionPayload.<init>(NewSessionPayload.java:78)
... 32 more
Caused by: java.nio.file.attribute.UserPrincipalNotFoundException
at java.base/sun.nio.fs.WindowsUserPrincipals.lookup(WindowsUserPrincipals.java:148)
at java.base/sun.nio.fs.WindowsFileSystem$LookupService$1.lookupPrincipalByName(WindowsFileSystem.java:246)
at com.google.common.io.TempFileCreator$JavaNioCreator.userPermissions(TempFileCreator.java:153)
at com.google.common.io.TempFileCreator$JavaNioCreator.<clinit>(TempFileCreator.java:138)
at com.google.common.io.TempFileCreator.pickSecureCreator(TempFileCreator.java:65)
at com.google.common.io.TempFileCreator.<clinit>(TempFileCreator.java:51)
... 43 more
... Removed 13 stack frames]]>
    </failure>
  </testcase> <!-- @BeforeClass setup -->
  <testcase classname="ebanking.testcases.TC_AddNewCustomer_1103" name="@AfterMethod tearDown" time="0.0">
    <skipped/>
  </testcase> <!-- @AfterMethod tearDown -->
  <testcase classname="ebanking.testcases.Baseclass" name="@AfterClass teardown" time="0.0">
    <skipped/>
  </testcase> <!-- @AfterClass teardown -->
  <testcase classname="ebanking.testcases.TC_LoginTest_1100" name="LoginTest" time="1.905"/>
  <testcase classname="ebanking.testcases.TC_LoginDDT_1101" name="LoginDDT" time="8.431"/>
  <testcase classname="ebanking.testcases.TC_LoginDDT_1101" name="LoginDDT" time="16.667"/>
  <testcase classname="ebanking.testcases.TC_LoginDDT_1101" name="LoginDDT" time="15.43"/>
  <testcase classname="ebanking.testcases.TC_LoginDDT_1101" name="LoginDDT" time="15.108"/>
  <testcase classname="ebanking.testcases.TC_LoginDDT_1101" name="LoginDDT" time="0.001"/>
  <testcase classname="ebanking.testcases.TC_AddNewCustomer_1103" name="addNewCustomer" time="0.0">
    <skipped/>
  </testcase> <!-- addNewCustomer -->
</testsuite> <!-- BankingApp Test  -->
