<?xml version="1.0" encoding="UTF-8"?>
<!-- Generated by org.testng.reporters.JUnitXMLReporter -->
<testsuite ignored="0" hostname="LAPTOP-IVL2HKTT" failures="0" tests="7" name="BankingApp Test " time="63.719" errors="0" timestamp="2024-01-21T19:27:03 GMT+01:00">
  <testcase classname="ebanking.testcases.TC_LoginTest_1100" name="LoginTest" time="4.178"/>
  <testcase classname="ebanking.testcases.TC_LoginDDT_1101" name="LoginDDT" time="8.498"/>
  <testcase classname="ebanking.testcases.TC_LoginDDT_1101" name="LoginDDT" time="5.1"/>
  <testcase classname="ebanking.testcases.TC_LoginDDT_1101" name="LoginDDT" time="4.106"/>
  <testcase classname="ebanking.testcases.TC_LoginDDT_1101" name="LoginDDT" time="5.131"/>
  <testcase classname="ebanking.testcases.TC_LoginDDT_1101" name="LoginDDT" time="0.002"/>
  <testcase classname="ebanking.testcases.TC_AddNewCustomer_1103" name="addNewCustomer" time="10.207"/>
</testsuite> <!-- BankingApp Test  -->
