<?xml version="1.0" encoding="UTF-8"?>
<testsuite xmlns:xsi="http://www.w3.org/2001/XMLSchema-instance" xsi:noNamespaceSchemaLocation="https://maven.apache.org/surefire/maven-surefire-plugin/xsd/surefire-test-report.xsd" name="TestSuite" time="69.69" tests="7" errors="0" skipped="0" failures="5">
  <properties>
[...]
</properties>
  <testcase name="LoginTest" classname="ebanking.testcases.TC_LoginTest_1100" time="3.885"/>
  <testcase name="LoginDDT" classname="ebanking.testcases.TC_LoginDDT_1101" time="9.26"/>
  <testcase name="LoginDDT" classname="ebanking.testcases.TC_LoginDDT_1101" time="5.407">
    <failure message="expected [true] but found [false]" type="java.lang.AssertionError">java.lang.AssertionError: expected [true] but found [false]
	at ebanking.testcases.TC_LoginDDT_1101.LoginDDT(TC_LoginDDT_1101.java:27)
</failure>
  </testcase>
  <testcase name="LoginDDT" classname="ebanking.testcases.TC_LoginDDT_1101" time="4.458">
    <failure message="expected [true] but found [false]" type="java.lang.AssertionError">java.lang.AssertionError: expected [true] but found [false]
	at ebanking.testcases.TC_LoginDDT_1101.LoginDDT(TC_LoginDDT_1101.java:27)
</failure>
  </testcase>
  <testcase name="LoginDDT" classname="ebanking.testcases.TC_LoginDDT_1101" time="5.029">
    <failure message="expected [true] but found [false]" type="java.lang.AssertionError">java.lang.AssertionError: expected [true] but found [false]
	at ebanking.testcases.TC_LoginDDT_1101.LoginDDT(TC_LoginDDT_1101.java:27)
</failure>
  </testcase>
  <testcase name="LoginDDT" classname="ebanking.testcases.TC_LoginDDT_1101" time="0.009">
    <failure message="Keys to send should be a not null CharSequence" type="java.lang.IllegalArgumentException">java.lang.IllegalArgumentException: Keys to send should be a not null CharSequence
	at ebanking.testcases.TC_LoginDDT_1101.LoginDDT(TC_LoginDDT_1101.java:19)
</failure>
  </testcase>
  <testcase name="addNewCustomer" classname="ebanking.testcases.TC_AddNewCustomer_1103" time="22.944">
    <failure message="no such element: Unable to locate element: {&quot;method&quot;:&quot;css selector&quot;,&quot;selector&quot;:&quot;*[name=&apos;name&apos;]&quot;}&#10;  (Session info: chrome=120.0.6099.199)&#10;For documentation on this error, please visit: https://www.selenium.dev/documentation/webdriver/troubleshooting/errors#no-such-element-exception&#10;Build info: version: &apos;4.15.0&apos;, revision: &apos;1d14b5521b&apos;&#10;System info: os.name: &apos;Windows 11&apos;, os.arch: &apos;amd64&apos;, os.version: &apos;10.0&apos;, java.version: &apos;21.0.1&apos;&#10;Driver info: org.openqa.selenium.chrome.ChromeDriver&#10;Command: [aa85d815ca1db7b1299387256a62a752, findElement {using=name, value=name}]&#10;Capabilities {acceptInsecureCerts: false, browserName: chrome, browserVersion: 120.0.6099.199, chrome: {chromedriverVersion: 120.0.6099.71 (9729082fe617..., userDataDir: C:\WINDOWS\SystemTemp\scope...}, fedcm:accounts: true, goog:chromeOptions: {debuggerAddress: localhost:55099}, networkConnectionEnabled: false, pageLoadStrategy: normal, platformName: windows, proxy: Proxy(), se:cdp: ws://localhost:55099/devtoo..., se:cdpVersion: 120.0.6099.199, setWindowRect: true, strictFileInteractability: false, timeouts: {implicit: 0, pageLoad: 300000, script: 30000}, unhandledPromptBehavior: dismiss and notify, webauthn:extension:credBlob: true, webauthn:extension:largeBlob: true, webauthn:extension:minPinLength: true, webauthn:extension:prf: true, webauthn:virtualAuthenticators: true}&#10;Session ID: aa85d815ca1db7b1299387256a62a752" type="org.openqa.selenium.NoSuchElementException">org.openqa.selenium.NoSuchElementException: 
no such element: Unable to locate element: {"method":"css selector","selector":"*[name='name']"}
  (Session info: chrome=120.0.6099.199)
For documentation on this error, please visit: https://www.selenium.dev/documentation/webdriver/troubleshooting/errors#no-such-element-exception
Build info: version: '4.15.0', revision: '1d14b5521b'
System info: os.name: 'Windows 11', os.arch: 'amd64', os.version: '10.0', java.version: '21.0.1'
Driver info: org.openqa.selenium.chrome.ChromeDriver
Command: [aa85d815ca1db7b1299387256a62a752, findElement {using=name, value=name}]
Capabilities {acceptInsecureCerts: false, browserName: chrome, browserVersion: 120.0.6099.199, chrome: {chromedriverVersion: 120.0.6099.71 (9729082fe617..., userDataDir: C:\WINDOWS\SystemTemp\scope...}, fedcm:accounts: true, goog:chromeOptions: {debuggerAddress: localhost:55099}, networkConnectionEnabled: false, pageLoadStrategy: normal, platformName: windows, proxy: Proxy(), se:cdp: ws://localhost:55099/devtoo..., se:cdpVersion: 120.0.6099.199, setWindowRect: true, strictFileInteractability: false, timeouts: {implicit: 0, pageLoad: 300000, script: 30000}, unhandledPromptBehavior: dismiss and notify, webauthn:extension:credBlob: true, webauthn:extension:largeBlob: true, webauthn:extension:minPinLength: true, webauthn:extension:prf: true, webauthn:virtualAuthenticators: true}
Session ID: aa85d815ca1db7b1299387256a62a752
	at ebanking.testcases.TC_AddNewCustomer_1103.addNewCustomer(TC_AddNewCustomer_1103.java:34)
</failure>
    <system-out><![CDATA[Logging in as user: mngr545323
]]></system-out>
    <system-err><![CDATA[Jan. 07, 2024 4:24:36 PM org.openqa.selenium.devtools.CdpVersionFinder findNearestMatch
WARNUNG: Unable to find an exact match for CDP version 120, returning the closest version; found: 119; Please update to a Selenium version that supports CDP version 120
]]></system-err>
  </testcase>
</testsuite>