<?xml version="1.0" encoding="UTF-8"?>
<testng-results ignored="0" total="1" passed="1" failed="0" skipped="0">
  <reporter-output>
  </reporter-output>
  <suite started-at="2024-01-07T16:14:41 GMT+01:00" name="Default suite" finished-at="2024-01-07T16:14:59 GMT+01:00" duration-ms="17569">
    <groups>
    </groups>
    <test started-at="2024-01-07T16:14:41 GMT+01:00" name="Default test" finished-at="2024-01-07T16:14:59 GMT+01:00" duration-ms="17569">
      <class name="ebanking.testcases.TC_AddNewCustomer_1103">
        <test-method is-config="true" signature="setup()[pri:0, instance:ebanking.testcases.TC_AddNewCustomer_1103@59474f18]" started-at="2024-01-07T16:14:42 GMT+01:00" name="setup" finished-at="2024-01-07T16:14:47 GMT+01:00" duration-ms="5419" status="PASS">
          <reporter-output>
          </reporter-output>
        </test-method> <!-- setup -->
        <test-method signature="addNewCustomer()[pri:0, instance:ebanking.testcases.TC_AddNewCustomer_1103@59474f18]" started-at="2024-01-07T16:14:47 GMT+01:00" name="addNewCustomer" finished-at="2024-01-07T16:14:59 GMT+01:00" duration-ms="11739" status="PASS">
          <reporter-output>
          </reporter-output>
        </test-method> <!-- addNewCustomer -->
        <test-method is-config="true" signature="teardown()[pri:0, instance:ebanking.testcases.TC_AddNewCustomer_1103@59474f18]" started-at="2024-01-07T16:14:59 GMT+01:00" name="teardown" finished-at="2024-01-07T16:14:59 GMT+01:00" duration-ms="379" status="PASS">
          <reporter-output>
          </reporter-output>
        </test-method> <!-- teardown -->
      </class> <!-- ebanking.testcases.TC_AddNewCustomer_1103 -->
    </test> <!-- Default test -->
  </suite> <!-- Default suite -->
</testng-results>
